2021-10-21 22:15:05 info: =================================
2021-10-21 22:15:05 info: ======= ENV: development =======
2021-10-21 22:15:05 info: 🚀 App listening on the port 5001
2021-10-21 22:15:05 info: =================================
2021-10-21 22:15:21 info: [0mGET /login [32m200[0m 1058.663 ms - -[0m
2021-10-21 22:15:22 info: [0mGET /app-assets/data/locales/en.json [32m200[0m 11.679 ms - -[0m
2021-10-21 22:16:10 info: =================================
2021-10-21 22:16:10 info: ======= ENV: development =======
2021-10-21 22:16:10 info: 🚀 App listening on the port 5001
2021-10-21 22:16:10 info: =================================
2021-10-21 22:16:13 info: [0mGET /login [32m200[0m 915.747 ms - -[0m
2021-10-21 22:16:13 info: [0mGET /app-assets/vendors/css/vendors.min.css [32m200[0m 47.988 ms - -[0m
2021-10-21 22:16:13 info: [0mGET /app-assets/vendors/css/pickers/flatpickr/flatpickr.min.css [32m200[0m 96.715 ms - -[0m
2021-10-21 22:16:13 info: [0mGET /app-assets/vendors/css/forms/select/select2.min.css [32m200[0m 125.555 ms - -[0m
2021-10-21 22:16:13 info: [0mGET /app-assets/css/bootstrap-extended.css [32m200[0m 107.059 ms - -[0m
2021-10-21 22:16:13 info: [0mGET /app-assets/vendors/css/extensions/toastr.min.css [32m200[0m 147.514 ms - -[0m
2021-10-21 22:16:13 info: [0mGET /app-assets/css/bootstrap.css [32m200[0m 129.600 ms - -[0m
2021-10-21 22:16:13 info: [0mGET /app-assets/css/colors.css [32m200[0m 58.744 ms - -[0m
2021-10-21 22:16:13 info: [0mGET /app-assets/css/components.css [32m200[0m 57.273 ms - -[0m
2021-10-21 22:16:13 info: [0mGET /app-assets/css/themes/dark-layout.css [32m200[0m 62.269 ms - -[0m
2021-10-21 22:16:13 info: [0mGET /app-assets/css/themes/bordered-layout.css [32m200[0m 60.063 ms - -[0m
2021-10-21 22:16:13 info: [0mGET /app-assets/css/themes/semi-dark-layout.css [32m200[0m 63.779 ms - -[0m
2021-10-21 22:16:13 info: [0mGET /app-assets/css/plugins/forms/form-validation.css [32m200[0m 28.154 ms - 603[0m
2021-10-21 22:16:13 info: [0mGET /app-assets/css/core/menu/menu-types/vertical-menu.css [32m200[0m 36.545 ms - -[0m
2021-10-21 22:16:13 info: [0mGET /app-assets/css/plugins/extensions/ext-component-toastr.css [32m200[0m 35.071 ms - -[0m
2021-10-21 22:16:13 info: [0mGET /assets/css/style.css [32m200[0m 41.779 ms - -[0m
2021-10-21 22:16:13 info: [0mGET /app-assets/css/pages/page-auth.css [32m200[0m 51.929 ms - -[0m
2021-10-21 22:16:13 info: [0mGET /app-assets/vendors/css/editors/quill/katex.min.css [32m200[0m 60.543 ms - -[0m
2021-10-21 22:16:13 info: [0mGET /app-assets/vendors/css/editors/quill/monokai-sublime.min.css [32m200[0m 70.295 ms - 779[0m
2021-10-21 22:16:13 info: [0mGET /app-assets/vendors/css/editors/quill/quill.snow.css [32m200[0m 57.291 ms - -[0m
2021-10-21 22:16:13 info: [0mGET /app-assets/css/plugins/forms/form-quill-editor.css [32m200[0m 42.774 ms - -[0m
2021-10-21 22:16:13 info: [0mGET /app-assets/vendors/css/editors/quill/quill.bubble.css [32m200[0m 56.838 ms - -[0m
2021-10-21 22:16:13 info: [0mGET /app-assets/vendors/js/forms/validation/jquery.validate.min.js [32m200[0m 85.191 ms - -[0m
2021-10-21 22:16:13 info: [0mGET /app-assets/vendors/js/pickers/flatpickr/flatpickr.min.js [32m200[0m 72.276 ms - -[0m
2021-10-21 22:16:13 info: [0mGET /app-assets/vendors/js/extensions/toastr.min.js [32m200[0m 104.938 ms - -[0m
2021-10-21 22:16:13 info: [0mGET /app-assets/vendors/js/vendors.min.js [32m200[0m 67.777 ms - -[0m
2021-10-21 22:16:13 info: [0mGET /app-assets/js/scripts/pages/page-auth-login.js [32m200[0m 28.258 ms - -[0m
2021-10-21 22:16:13 info: [0mGET /app-assets/js/core/app.js [32m200[0m 21.222 ms - -[0m
2021-10-21 22:16:13 info: [0mGET /app-assets/js/core/app-menu.js [32m200[0m 11.696 ms - -[0m
2021-10-21 22:16:13 info: [0mGET /assets/js/blockUI.js [32m200[0m 34.632 ms - -[0m
2021-10-21 22:16:13 info: [0mGET /assets/js/scripts.js [32m200[0m 38.910 ms - -[0m
2021-10-21 22:16:13 info: [0mGET /app-assets/js/scripts/forms/form-quill-editor.js [32m200[0m 33.535 ms - -[0m
2021-10-21 22:16:13 info: [0mGET /app-assets/vendors/js/editors/quill/highlight.min.js [32m200[0m 47.165 ms - -[0m
2021-10-21 22:16:13 info: [0mGET /app-assets/vendors/js/editors/quill/quill.min.js [32m200[0m 24.977 ms - -[0m
2021-10-21 22:16:13 info: [0mGET /app-assets/vendors/js/editors/quill/katex.min.js [32m200[0m 49.323 ms - -[0m
2021-10-21 22:16:13 info: [0mGET /app-assets/images/pages/login-v2.svg [32m200[0m 45.831 ms - -[0m
2021-10-21 22:16:13 info: [0mGET /app-assets/data/locales/en.json [36m304[0m 0.785 ms - -[0m
2021-10-21 22:16:14 info: [0mGET /app-assets/images/ico/favicon.ico [32m200[0m 19.294 ms - -[0m
2021-10-21 22:16:22 info: [0mPOST /login [36m302[0m 1629.582 ms - 56[0m
2021-10-21 22:16:23 info: [0mGET /admin [32m200[0m 1285.355 ms - -[0m
2021-10-21 22:16:24 info: [0mGET /app-assets/vendors/css/vendors.min.css [32m200[0m 1.167 ms - -[0m
2021-10-21 22:16:24 info: [0mGET /app-assets/vendors/css/pickers/flatpickr/flatpickr.min.css [32m200[0m 0.984 ms - -[0m
2021-10-21 22:16:24 info: [0mGET /app-assets/vendors/css/extensions/toastr.min.css [32m200[0m 1.127 ms - -[0m
2021-10-21 22:16:24 info: [0mGET /app-assets/vendors/css/forms/select/select2.min.css [32m200[0m 1.107 ms - -[0m
2021-10-21 22:16:24 info: [0mGET /app-assets/css/bootstrap-extended.css [32m200[0m 3.539 ms - -[0m
2021-10-21 22:16:24 info: [0mGET /app-assets/css/bootstrap.css [32m200[0m 2.815 ms - -[0m
2021-10-21 22:16:24 info: [0mGET /app-assets/css/themes/bordered-layout.css [32m200[0m 3.129 ms - -[0m
2021-10-21 22:16:24 info: [0mGET /app-assets/css/components.css [32m200[0m 2.255 ms - -[0m
2021-10-21 22:16:24 info: [0mGET /app-assets/css/themes/dark-layout.css [32m200[0m 3.262 ms - -[0m
2021-10-21 22:16:24 info: [0mGET /app-assets/css/colors.css [32m200[0m 2.482 ms - -[0m
2021-10-21 22:16:24 info: [0mGET /app-assets/css/themes/semi-dark-layout.css [32m200[0m 4.616 ms - -[0m
2021-10-21 22:16:24 info: [0mGET /app-assets/css/core/menu/menu-types/vertical-menu.css [32m200[0m 5.178 ms - -[0m
2021-10-21 22:16:24 info: [0mGET /app-assets/css/plugins/forms/form-validation.css [32m200[0m 8.591 ms - 603[0m
2021-10-21 22:16:24 info: [0mGET /app-assets/css/plugins/extensions/ext-component-toastr.css [32m200[0m 9.349 ms - -[0m
2021-10-21 22:16:24 info: [0mGET /app-assets/css/pages/page-auth.css [32m200[0m 10.825 ms - -[0m
2021-10-21 22:16:24 info: [0mGET /assets/css/style.css [32m200[0m 10.740 ms - -[0m
2021-10-21 22:16:24 info: [0mGET /app-assets/vendors/css/editors/quill/monokai-sublime.min.css [32m200[0m 3.975 ms - 779[0m
2021-10-21 22:16:24 info: [0mGET /app-assets/vendors/css/editors/quill/quill.snow.css [32m200[0m 6.512 ms - -[0m
2021-10-21 22:16:24 info: [0mGET /app-assets/vendors/css/editors/quill/quill.bubble.css [32m200[0m 6.332 ms - -[0m
2021-10-21 22:16:24 info: [0mGET /app-assets/css/plugins/forms/form-quill-editor.css [32m200[0m 6.983 ms - -[0m
2021-10-21 22:16:24 info: [0mGET /app-assets/vendors/css/editors/quill/katex.min.css [32m200[0m 4.207 ms - -[0m
2021-10-21 22:16:24 info: [0mGET /app-assets/vendors/js/vendors.min.js [32m200[0m 8.606 ms - -[0m
2021-10-21 22:16:24 info: [0mGET /app-assets/vendors/js/forms/validation/jquery.validate.min.js [32m200[0m 2.134 ms - -[0m
2021-10-21 22:16:24 info: [0mGET /app-assets/vendors/js/extensions/toastr.min.js [32m200[0m 5.752 ms - -[0m
2021-10-21 22:16:24 info: [0mGET /app-assets/vendors/js/pickers/flatpickr/flatpickr.min.js [32m200[0m 6.161 ms - -[0m
2021-10-21 22:16:24 info: [0mGET /app-assets/js/core/app.js [32m200[0m 6.311 ms - -[0m
2021-10-21 22:16:24 info: [0mGET /app-assets/js/core/app-menu.js [32m200[0m 5.671 ms - -[0m
2021-10-21 22:16:24 info: [0mGET /app-assets/js/scripts/pages/page-auth-login.js [32m200[0m 1.087 ms - -[0m
2021-10-21 22:16:24 info: [0mGET /assets/js/blockUI.js [32m200[0m 1.182 ms - -[0m
2021-10-21 22:16:24 info: [0mGET /assets/js/scripts.js [32m200[0m 0.994 ms - -[0m
2021-10-21 22:16:24 info: [0mGET /app-assets/vendors/js/editors/quill/katex.min.js [32m200[0m 0.950 ms - -[0m
2021-10-21 22:16:24 info: [0mGET /app-assets/js/scripts/forms/form-quill-editor.js [32m200[0m 4.800 ms - -[0m
2021-10-21 22:16:24 info: [0mGET /app-assets/vendors/js/editors/quill/highlight.min.js [32m200[0m 6.605 ms - -[0m
2021-10-21 22:16:24 info: [0mGET /app-assets/vendors/js/editors/quill/quill.min.js [32m200[0m 3.771 ms - -[0m
2021-10-21 22:16:24 info: [0mGET /app-assets/images/icons/xls.png [32m200[0m 15.716 ms - 2420[0m
2021-10-21 22:16:24 info: [0mGET /app-assets/images/icons/jpg.png [32m200[0m 20.287 ms - 836[0m
2021-10-21 22:16:24 info: [0mGET /app-assets/images/icons/pdf.png [32m200[0m 24.042 ms - 2496[0m
2021-10-21 22:16:24 info: [0mGET /app-assets/images/icons/doc.png [32m200[0m 31.124 ms - 986[0m
2021-10-21 22:16:24 info: [0mGET /app-assets/images/portrait/small/avatar-s-8.jpg [32m200[0m 38.418 ms - 30562[0m
2021-10-21 22:16:24 info: [0mGET /app-assets/images/portrait/small/avatar-s-14.jpg [32m200[0m 39.909 ms - 34902[0m
2021-10-21 22:16:24 info: [0mGET /app-assets/images/portrait/small/avatar-s-1.jpg [32m200[0m 40.042 ms - 33569[0m
2021-10-21 22:16:24 info: [0mGET /app-assets/images/portrait/small/avatar-s-6.jpg [32m200[0m 42.969 ms - 40107[0m
2021-10-21 22:16:24 info: [0mGET /app-assets/data/locales/en.json [32m200[0m 1.182 ms - -[0m
2021-10-21 22:16:25 info: [0mGET /app-assets/images/default.png [32m200[0m 17.801 ms - 3107[0m
2021-10-21 22:16:30 error: [GET] /admin/trainers >> StatusCode:: 500, Message:: /mnt/62A4C6B9A4C68ECB/projects/srvitality/src/views/admin/trainers/index.ejs:41
    39| 							</td>
    40| 							<td>
 >> 41| 								<%-
    42| 								include('../../components/approval',{status:trainer.profileApproval.status});
    43| 								%>
    44| 							</td>

Cannot read property 'status' of undefined
2021-10-21 22:16:30 info: [0mGET /admin/trainers [31m500[0m 715.987 ms - 385[0m
2021-10-21 22:16:30 info: [0mGET /favicon.ico [33m404[0m 2.626 ms - 150[0m
2021-10-21 22:16:50 info: [0mGET /admin/users [32m200[0m 641.372 ms - -[0m
2021-10-21 22:16:50 info: [0mGET /app-assets/vendors/css/vendors.min.css [36m304[0m 0.731 ms - -[0m
2021-10-21 22:16:50 info: [0mGET /app-assets/vendors/css/pickers/flatpickr/flatpickr.min.css [36m304[0m 1.996 ms - -[0m
2021-10-21 22:16:50 info: [0mGET /app-assets/vendors/css/extensions/toastr.min.css [36m304[0m 0.688 ms - -[0m
2021-10-21 22:16:51 info: [0mGET /app-assets/vendors/css/forms/select/select2.min.css [36m304[0m 1.495 ms - -[0m
2021-10-21 22:16:51 info: [0mGET /app-assets/css/bootstrap.css [36m304[0m 3.067 ms - -[0m
2021-10-21 22:16:51 info: [0mGET /app-assets/css/bootstrap-extended.css [36m304[0m 4.766 ms - -[0m
2021-10-21 22:16:51 info: [0mGET /app-assets/css/colors.css [36m304[0m 4.765 ms - -[0m
2021-10-21 22:16:51 info: [0mGET /app-assets/css/components.css [36m304[0m 4.903 ms - -[0m
2021-10-21 22:16:51 info: [0mGET /app-assets/css/themes/dark-layout.css [36m304[0m 5.128 ms - -[0m
2021-10-21 22:16:51 info: [0mGET /app-assets/css/themes/bordered-layout.css [36m304[0m 4.949 ms - -[0m
2021-10-21 22:16:51 info: [0mGET /app-assets/css/themes/semi-dark-layout.css [36m304[0m 5.305 ms - -[0m
2021-10-21 22:16:51 info: [0mGET /app-assets/css/core/menu/menu-types/vertical-menu.css [36m304[0m 3.153 ms - -[0m
2021-10-21 22:16:51 info: [0mGET /app-assets/css/plugins/forms/form-validation.css [36m304[0m 3.435 ms - -[0m
2021-10-21 22:16:51 info: [0mGET /app-assets/css/plugins/extensions/ext-component-toastr.css [36m304[0m 4.179 ms - -[0m
2021-10-21 22:16:51 info: [0mGET /app-assets/css/pages/page-auth.css [36m304[0m 5.314 ms - -[0m
2021-10-21 22:16:51 info: [0mGET /assets/css/style.css [36m304[0m 3.119 ms - -[0m
2021-10-21 22:16:51 info: [0mGET /app-assets/vendors/css/editors/quill/katex.min.css [36m304[0m 4.805 ms - -[0m
2021-10-21 22:16:51 info: [0mGET /app-assets/vendors/css/editors/quill/monokai-sublime.min.css [36m304[0m 3.878 ms - -[0m
2021-10-21 22:16:51 info: [0mGET /app-assets/vendors/css/editors/quill/quill.snow.css [36m304[0m 3.331 ms - -[0m
2021-10-21 22:16:51 info: [0mGET /app-assets/vendors/css/editors/quill/quill.bubble.css [36m304[0m 2.425 ms - -[0m
2021-10-21 22:16:51 info: [0mGET /app-assets/css/plugins/forms/form-quill-editor.css [36m304[0m 1.458 ms - -[0m
2021-10-21 22:16:51 info: [0mGET /app-assets/vendors/js/vendors.min.js [36m304[0m 0.791 ms - -[0m
2021-10-21 22:16:51 info: [0mGET /app-assets/vendors/js/forms/validation/jquery.validate.min.js [36m304[0m 2.094 ms - -[0m
2021-10-21 22:16:51 info: [0mGET /app-assets/vendors/js/pickers/flatpickr/flatpickr.min.js [36m304[0m 2.077 ms - -[0m
2021-10-21 22:16:51 info: [0mGET /app-assets/vendors/js/extensions/toastr.min.js [36m304[0m 3.475 ms - -[0m
2021-10-21 22:16:51 info: [0mGET /app-assets/js/core/app-menu.js [36m304[0m 2.156 ms - -[0m
2021-10-21 22:16:51 info: [0mGET /app-assets/js/core/app.js [36m304[0m 3.452 ms - -[0m
2021-10-21 22:16:51 info: [0mGET /app-assets/js/scripts/pages/page-auth-login.js [36m304[0m 3.617 ms - -[0m
2021-10-21 22:16:51 info: [0mGET /assets/js/blockUI.js [36m304[0m 0.637 ms - -[0m
2021-10-21 22:16:51 info: [0mGET /assets/js/scripts.js [36m304[0m 1.230 ms - -[0m
2021-10-21 22:16:51 info: [0mGET /app-assets/vendors/js/editors/quill/katex.min.js [36m304[0m 2.772 ms - -[0m
2021-10-21 22:16:51 info: [0mGET /app-assets/vendors/js/editors/quill/highlight.min.js [36m304[0m 0.695 ms - -[0m
2021-10-21 22:16:51 info: [0mGET /app-assets/vendors/js/editors/quill/quill.min.js [36m304[0m 3.326 ms - -[0m
2021-10-21 22:16:51 info: [0mGET /app-assets/js/scripts/forms/form-quill-editor.js [36m304[0m 4.942 ms - -[0m
2021-10-21 22:16:51 info: [0mGET /app-assets/images/icons/xls.png [36m304[0m 5.066 ms - -[0m
2021-10-21 22:16:51 info: [0mGET /app-assets/images/icons/jpg.png [36m304[0m 4.999 ms - -[0m
2021-10-21 22:16:51 info: [0mGET /app-assets/images/icons/pdf.png [36m304[0m 2.521 ms - -[0m
2021-10-21 22:16:51 info: [0mGET /app-assets/images/icons/doc.png [36m304[0m 2.642 ms - -[0m
2021-10-21 22:16:51 info: [0mGET /app-assets/images/portrait/small/avatar-s-8.jpg [36m304[0m 0.977 ms - -[0m
2021-10-21 22:16:51 info: [0mGET /app-assets/images/portrait/small/avatar-s-1.jpg [36m304[0m 2.118 ms - -[0m
2021-10-21 22:16:51 info: [0mGET /app-assets/images/portrait/small/avatar-s-14.jpg [36m304[0m 1.375 ms - -[0m
2021-10-21 22:16:51 info: [0mGET /app-assets/images/portrait/small/avatar-s-6.jpg [36m304[0m 1.807 ms - -[0m
2021-10-21 22:16:51 info: [0mGET /app-assets/data/locales/en.json [36m304[0m 0.704 ms - -[0m
2021-10-21 22:16:52 info: [0mGET /app-assets/images/default.png [36m304[0m 1.677 ms - -[0m
2021-10-21 22:16:55 info: [0mGET /admin/users/edit/615ab6c628ce6699d4eb9092 [32m200[0m 1340.004 ms - -[0m
2021-10-21 22:16:55 info: [0mGET /app-assets/vendors/css/vendors.min.css [36m304[0m 0.903 ms - -[0m
2021-10-21 22:16:55 info: [0mGET /app-assets/vendors/css/pickers/flatpickr/flatpickr.min.css [36m304[0m 7.974 ms - -[0m
2021-10-21 22:16:55 info: [0mGET /app-assets/vendors/css/extensions/toastr.min.css [36m304[0m 10.422 ms - -[0m
2021-10-21 22:16:55 info: [0mGET /app-assets/css/bootstrap.css [36m304[0m 6.634 ms - -[0m
2021-10-21 22:16:55 info: [0mGET /app-assets/vendors/css/forms/select/select2.min.css [36m304[0m 11.400 ms - -[0m
2021-10-21 22:16:55 info: [0mGET /app-assets/css/bootstrap-extended.css [36m304[0m 7.430 ms - -[0m
2021-10-21 22:16:55 info: [0mGET /app-assets/css/colors.css [36m304[0m 7.809 ms - -[0m
2021-10-21 22:16:55 info: [0mGET /app-assets/css/components.css [36m304[0m 5.625 ms - -[0m
2021-10-21 22:16:55 info: [0mGET /app-assets/css/themes/dark-layout.css [36m304[0m 8.400 ms - -[0m
2021-10-21 22:16:55 info: [0mGET /app-assets/css/themes/bordered-layout.css [36m304[0m 8.504 ms - -[0m
2021-10-21 22:16:55 info: [0mGET /app-assets/css/themes/semi-dark-layout.css [36m304[0m 8.459 ms - -[0m
2021-10-21 22:16:55 info: [0mGET /app-assets/css/core/menu/menu-types/vertical-menu.css [36m304[0m 8.640 ms - -[0m
2021-10-21 22:16:55 info: [0mGET /app-assets/css/plugins/forms/form-validation.css [36m304[0m 8.775 ms - -[0m
2021-10-21 22:16:55 info: [0mGET /app-assets/css/plugins/extensions/ext-component-toastr.css [36m304[0m 1.692 ms - -[0m
2021-10-21 22:16:55 info: [0mGET /app-assets/css/pages/page-auth.css [36m304[0m 0.614 ms - -[0m
2021-10-21 22:16:55 info: [0mGET /assets/css/style.css [36m304[0m 1.146 ms - -[0m
2021-10-21 22:16:55 info: [0mGET /app-assets/vendors/css/editors/quill/katex.min.css [36m304[0m 4.698 ms - -[0m
2021-10-21 22:16:55 info: [0mGET /app-assets/vendors/css/editors/quill/monokai-sublime.min.css [36m304[0m 6.925 ms - -[0m
2021-10-21 22:16:55 info: [0mGET /app-assets/vendors/css/editors/quill/quill.snow.css [36m304[0m 8.192 ms - -[0m
2021-10-21 22:16:55 info: [0mGET /app-assets/vendors/css/editors/quill/quill.bubble.css [36m304[0m 9.030 ms - -[0m
2021-10-21 22:16:55 info: [0mGET /app-assets/css/plugins/forms/form-quill-editor.css [36m304[0m 0.614 ms - -[0m
2021-10-21 22:16:55 info: [0mGET /app-assets/vendors/js/vendors.min.js [36m304[0m 1.611 ms - -[0m
2021-10-21 22:16:55 info: [0mGET /app-assets/vendors/js/forms/validation/jquery.validate.min.js [36m304[0m 2.315 ms - -[0m
2021-10-21 22:16:55 info: [0mGET /app-assets/vendors/js/pickers/flatpickr/flatpickr.min.js [36m304[0m 0.633 ms - -[0m
2021-10-21 22:16:55 info: [0mGET /app-assets/vendors/js/extensions/toastr.min.js [36m304[0m 1.826 ms - -[0m
2021-10-21 22:16:55 info: [0mGET /app-assets/js/core/app-menu.js [36m304[0m 3.290 ms - -[0m
2021-10-21 22:16:55 info: [0mGET /app-assets/js/core/app.js [36m304[0m 3.896 ms - -[0m
2021-10-21 22:16:55 info: [0mGET /app-assets/js/scripts/pages/page-auth-login.js [36m304[0m 4.275 ms - -[0m
2021-10-21 22:16:55 info: [0mGET /assets/js/blockUI.js [36m304[0m 5.536 ms - -[0m
2021-10-21 22:16:55 info: [0mGET /assets/js/scripts.js [36m304[0m 9.962 ms - -[0m
2021-10-21 22:16:55 info: [0mGET /app-assets/vendors/js/editors/quill/katex.min.js [36m304[0m 7.600 ms - -[0m
2021-10-21 22:16:55 info: [0mGET /app-assets/vendors/js/editors/quill/highlight.min.js [36m304[0m 7.465 ms - -[0m
2021-10-21 22:16:55 info: [0mGET /app-assets/vendors/js/editors/quill/quill.min.js [36m304[0m 1.563 ms - -[0m
2021-10-21 22:16:55 info: [0mGET /app-assets/js/scripts/forms/form-quill-editor.js [36m304[0m 1.790 ms - -[0m
2021-10-21 22:16:55 info: [0mGET /app-assets/images/icons/xls.png [36m304[0m 1.161 ms - -[0m
2021-10-21 22:16:55 info: [0mGET /app-assets/images/icons/jpg.png [36m304[0m 1.527 ms - -[0m
2021-10-21 22:16:55 info: [0mGET /app-assets/images/icons/pdf.png [36m304[0m 3.695 ms - -[0m
2021-10-21 22:16:55 info: [0mGET /app-assets/images/icons/doc.png [36m304[0m 5.096 ms - -[0m
2021-10-21 22:16:55 info: [0mGET /app-assets/images/portrait/small/avatar-s-8.jpg [36m304[0m 5.032 ms - -[0m
2021-10-21 22:16:55 info: [0mGET /app-assets/images/portrait/small/avatar-s-1.jpg [36m304[0m 4.703 ms - -[0m
2021-10-21 22:16:55 info: [0mGET /app-assets/images/portrait/small/avatar-s-14.jpg [36m304[0m 4.546 ms - -[0m
2021-10-21 22:16:55 info: [0mGET /app-assets/images/portrait/small/avatar-s-6.jpg [36m304[0m 4.612 ms - -[0m
2021-10-21 22:16:56 info: [0mGET /app-assets/data/locales/en.json [36m304[0m 0.754 ms - -[0m
2021-10-21 22:16:56 info: [0mGET /app-assets/images/default.png [36m304[0m 2.488 ms - -[0m
2021-10-21 23:19:00 info: =================================
